# JRE version: OpenJDK Runtime Environment Microsoft-12574423 (17.0.17+10) (build 17.0.17+10-LTS)
# Java VM: OpenJDK 64-Bit Server VM Microsoft-12574423 (17.0.17+10-LTS, mixed mode, sharing, tiered, compressed oops, compressed class ptrs, g1 gc, windows-amd64)
GC Precious Log:
 CPUs: 4 total, 4 available
 Memory: 8097M
 Large Page Support: Disabled
 NUMA Support: Disabled
 Compressed Oops: Enabled (32-bit)
 Heap Region Size: 1M
 Heap Min Capacity: 8M
 Heap Initial Capacity: 128M
 Heap Max Capacity: 2G
 Pre-touch: Disabled
 Parallel Workers: 4
 Concurrent Workers: 1
 Concurrent Refinement Workers: 4
 Periodic GC: Disabled
Heap:
 garbage-first heap   total 81920K, used 44268K [0x0000000080000000, 0x0000000100000000)
  region size 1024K, 10 young (10240K), 4 survivors (4096K)
 Metaspace       used 47765K, committed 48640K, reserved 491520K
  class space    used 6815K, committed 7232K, reserved 425984K
GC Heap History (20 events):
Event: 8.477 GC heap before
{Heap before GC invocations=4 (full 0):
 garbage-first heap   total 131072K, used 52099K [0x0000000080000000, 0x0000000100000000)
  region size 1024K, 36 young (36864K), 6 survivors (6144K)
 Metaspace       used 21192K, committed 21504K, reserved 491520K
  class space    used 2957K, committed 3136K, reserved 425984K
}
Event: 8.489 GC heap after
{Heap after GC invocations=5 (full 0):
 garbage-first heap   total 131072K, used 22954K [0x0000000080000000, 0x0000000100000000)
  region size 1024K, 7 young (7168K), 7 survivors (7168K)
 Metaspace       used 21192K, committed 21504K, reserved 491520K
  class space    used 2957K, committed 3136K, reserved 425984K
}
Event: 12.045 GC heap before
{Heap before GC invocations=6 (full 0):
 garbage-first heap   total 81920K, used 63914K [0x0000000080000000, 0x0000000100000000)
  region size 1024K, 48 young (49152K), 7 survivors (7168K)
 Metaspace       used 26210K, committed 26560K, reserved 491520K
  class space    used 3678K, committed 3840K, reserved 425984K
}
Event: 12.070 GC heap after
{Heap after GC invocations=7 (full 0):
 garbage-first heap   total 81920K, used 27035K [0x0000000080000000, 0x0000000100000000)
  region size 1024K, 6 young (6144K), 6 survivors (6144K)
 Metaspace       used 26210K, committed 26560K, reserved 491520K
  class space    used 3678K, committed 3840K, reserved 425984K
}
Event: 15.372 GC heap before
{Heap before GC invocations=7 (full 0):
 garbage-first heap   total 81920K, used 61851K [0x0000000080000000, 0x0000000100000000)
  region size 1024K, 41 young (41984K), 6 survivors (6144K)
 Metaspace       used 30410K, committed 30912K, reserved 491520K
  class space    used 4315K, committed 4544K, reserved 425984K
}
Event: 15.382 GC heap after
{Heap after GC invocations=8 (full 0):
 garbage-first heap   total 81920K, used 28256K [0x0000000080000000, 0x0000000100000000)
  region size 1024K, 2 young (2048K), 2 survivors (2048K)
 Metaspace       used 30410K, committed 30912K, reserved 491520K
  class space    used 4315K, committed 4544K, reserved 425984K
}
Event: 17.406 GC heap before
{Heap before GC invocations=8 (full 0):
 garbage-first heap   total 81920K, used 63072K [0x0000000080000000, 0x0000000100000000)
  region size 1024K, 37 young (37888K), 2 survivors (2048K)
 Metaspace       used 35539K, committed 35968K, reserved 491520K
  class space    used 4947K, committed 5184K, reserved 425984K
}
Event: 17.416 GC heap after
{Heap after GC invocations=9 (full 0):
 garbage-first heap   total 81920K, used 31139K [0x0000000080000000, 0x0000000100000000)
  region size 1024K, 5 young (5120K), 5 survivors (5120K)
 Metaspace       used 35539K, committed 35968K, reserved 491520K
  class space    used 4947K, committed 5184K, reserved 425984K
}
Event: 17.421 GC heap before
{Heap before GC invocations=9 (full 0):
 garbage-first heap   total 81920K, used 31139K [0x0000000080000000, 0x0000000100000000)
  region size 1024K, 6 young (6144K), 5 survivors (5120K)
 Metaspace       used 35547K, committed 35968K, reserved 491520K
  class space    used 4947K, committed 5184K, reserved 425984K
}
Event: 17.429 GC heap after
{Heap after GC invocations=10 (full 0):
 garbage-first heap   total 81920K, used 31540K [0x0000000080000000, 0x0000000100000000)
  region size 1024K, 1 young (1024K), 1 survivors (1024K)
 Metaspace       used 35547K, committed 35968K, reserved 491520K
  class space    used 4947K, committed 5184K, reserved 425984K
}
Event: 20.268 GC heap before
{Heap before GC invocations=11 (full 0):
 garbage-first heap   total 81920K, used 65332K [0x0000000080000000, 0x0000000100000000)
  region size 1024K, 34 young (34816K), 1 survivors (1024K)
 Metaspace       used 38596K, committed 39232K, reserved 491520K
  class space    used 5396K, committed 5696K, reserved 425984K
}
Event: 20.278 GC heap after
{Heap after GC invocations=12 (full 0):
 garbage-first heap   total 81920K, used 34949K [0x0000000080000000, 0x0000000100000000)
  region size 1024K, 4 young (4096K), 4 survivors (4096K)
 Metaspace       used 38596K, committed 39232K, reserved 491520K
  class space    used 5396K, committed 5696K, reserved 425984K
}
Event: 20.984 GC heap before
{Heap before GC invocations=12 (full 0):
 garbage-first heap   total 81920K, used 64645K [0x0000000080000000, 0x0000000100000000)
  region size 1024K, 33 young (33792K), 4 survivors (4096K)
 Metaspace       used 39899K, committed 40640K, reserved 491520K
  class space    used 5585K, committed 5952K, reserved 425984K
}
Event: 20.992 GC heap after
{Heap after GC invocations=13 (full 0):
 garbage-first heap   total 81920K, used 36031K [0x0000000080000000, 0x0000000100000000)
  region size 1024K, 2 young (2048K), 2 survivors (2048K)
 Metaspace       used 39899K, committed 40640K, reserved 491520K
  class space    used 5585K, committed 5952K, reserved 425984K
}
Event: 21.735 GC heap before
{Heap before GC invocations=13 (full 0):
 garbage-first heap   total 81920K, used 63679K [0x0000000080000000, 0x0000000100000000)
  region size 1024K, 30 young (30720K), 2 survivors (2048K)
 Metaspace       used 41682K, committed 42496K, reserved 491520K
  class space    used 5885K, committed 6272K, reserved 425984K
}
Event: 21.740 GC heap after
{Heap after GC invocations=14 (full 0):
 garbage-first heap   total 81920K, used 36808K [0x0000000080000000, 0x0000000100000000)
  region size 1024K, 2 young (2048K), 2 survivors (2048K)
 Metaspace       used 41682K, committed 42496K, reserved 491520K
  class space    used 5885K, committed 6272K, reserved 425984K
}
Event: 23.048 GC heap before
{Heap before GC invocations=14 (full 0):
 garbage-first heap   total 81920K, used 66504K [0x0000000080000000, 0x0000000100000000)
  region size 1024K, 31 young (31744K), 2 survivors (2048K)
 Metaspace       used 44441K, committed 45312K, reserved 491520K
  class space    used 6327K, committed 6720K, reserved 425984K
}
Event: 23.055 GC heap after
{Heap after GC invocations=15 (full 0):
 garbage-first heap   total 81920K, used 37839K [0x0000000080000000, 0x0000000100000000)
  region size 1024K, 3 young (3072K), 3 survivors (3072K)
 Metaspace       used 44441K, committed 45312K, reserved 491520K
  class space    used 6327K, committed 6720K, reserved 425984K
}
Event: 23.898 GC heap before
{Heap before GC invocations=15 (full 0):
 garbage-first heap   total 81920K, used 66511K [0x0000000080000000, 0x0000000100000000)
  region size 1024K, 31 young (31744K), 3 survivors (3072K)
 Metaspace       used 47112K, committed 47936K, reserved 491520K
  class space    used 6729K, committed 7104K, reserved 425984K
}
Event: 23.905 GC heap after
{Heap after GC invocations=16 (full 0):
 garbage-first heap   total 81920K, used 39148K [0x0000000080000000, 0x0000000100000000)
  region size 1024K, 4 young (4096K), 4 survivors (4096K)
 Metaspace       used 47112K, committed 47936K, reserved 491520K
  class space    used 6729K, committed 7104K, reserved 425984K
}

